<?xml version="1.0" encoding="UTF-8"?>
<!-- Generated by org.testng.reporters.JUnitReportReporter -->
<testsuite hostname="Naveen" failures="0" tests="8" name="excelrproject1.Ts1to10" time="40.046" errors="0" timestamp="2024-02-04T22:48:13 IST" skipped="0">
  <testcase classname="excelrproject1.Ts1to10" name="loginfunctionality" time="9.976"/>
  <testcase classname="excelrproject1.Ts1to10" name="loginfunctionality" time="4.430"/>
  <testcase classname="excelrproject1.Ts1to10" name="loginfunctionality" time="4.424"/>
  <testcase classname="excelrproject1.Ts1to10" name="loginfunctionality" time="4.851"/>
  <testcase classname="excelrproject1.Ts1to10" name="loginfunctionality" time="4.471"/>
  <testcase classname="excelrproject1.Ts1to10" name="loginfunctionality" time="4.514"/>
  <testcase classname="excelrproject1.Ts1to10" name="loginfunctionality" time="5.005"/>
  <testcase classname="excelrproject1.Ts1to10" name="disply" time="2.375"/>
</testsuite> <!-- excelrproject1.Ts1to10 -->
