<?xml version="1.0" encoding="UTF-8"?>
<!-- Generated by org.testng.reporters.JUnitReportReporter -->
<testsuite hostname="Naveen" failures="0" tests="1" name="project1.Linkscalling" time="18.186" errors="0" timestamp="2024-02-04T00:29:22 IST" skipped="0">
  <testcase classname="project1.Linkscalling" name="linkscall" time="18.186"/>
</testsuite> <!-- project1.Linkscalling -->
