<?xml version="1.0" encoding="UTF-8"?>
<!-- Generated by org.testng.reporters.JUnitReportReporter -->
<testsuite hostname="Naveen" failures="0" tests="8" name="project1.Login" time="39.026" errors="0" timestamp="2024-02-04T22:44:35 IST" skipped="0">
  <testcase classname="project1.Login" name="loginfunctionality" time="4.690"/>
  <testcase classname="project1.Login" name="loginfunctionality" time="4.410"/>
  <testcase classname="project1.Login" name="loginfunctionality" time="4.436"/>
  <testcase classname="project1.Login" name="loginfunctionality" time="4.497"/>
  <testcase classname="project1.Login" name="loginfunctionality" time="4.583"/>
  <testcase classname="project1.Login" name="loginfunctionality" time="4.414"/>
  <testcase classname="project1.Login" name="loginfunctionality" time="4.701"/>
  <testcase classname="project1.Login" name="disply" time="7.295"/>
</testsuite> <!-- project1.Login -->
