<?xml version="1.0" encoding="UTF-8"?>
<!-- Generated by org.testng.reporters.JUnitReportReporter -->
<testsuite hostname="Naveen" failures="0" tests="2" name="project1.Saucelabs$Project1" time="17.041" errors="0" timestamp="2024-02-04T23:43:08 IST" skipped="0">
  <testcase classname="project1.Saucelabs$Project1" name="addtocartitems" time="8.032"/>
  <testcase classname="project1.Saucelabs$Project1" name="addtocart" time="9.009"/>
</testsuite> <!-- project1.Saucelabs$Project1 -->
