<?xml version="1.0" encoding="UTF-8"?>
<!-- Generated by org.testng.reporters.JUnitReportReporter -->
<testsuite hostname="Naveen" failures="0" tests="1" name="excelrproject1.Linkscalling" time="18.873" errors="0" timestamp="2024-02-04T23:33:16 IST" skipped="0">
  <testcase classname="excelrproject1.Linkscalling" name="linkscall" time="18.873"/>
</testsuite> <!-- excelrproject1.Linkscalling -->
